#
# There is insufficient memory for the Java Runtime Environment to continue.
# Native memory allocation (malloc) failed to allocate 530816 bytes for Chunk::new
# Possible reasons:
#   The system is out of physical RAM or swap space
#   The process is running with CompressedOops enabled, and the Java Heap may be blocking the growth of the native heap
# Possible solutions:
#   Reduce memory load on the system
#   Increase physical memory or swap space
#   Check if swap backing store is full
#   Decrease Java heap size (-Xmx/-Xms)
#   Decrease number of Java threads
#   Decrease Java thread stack sizes (-Xss)
#   Set larger code cache with -XX:ReservedCodeCacheSize=
#   JVM is running with Unscaled Compressed Oops mode in which the Java heap is
#     placed in the first 4GB address space. The Java Heap base address is the
#     maximum limit for the native heap growth. Please use -XX:HeapBaseMinAddress
#     to set the Java Heap base and to place the Java Heap above 4GB virtual address.
# This output file may be truncated or incomplete.
#
#  Out of Memory Error (t:/workspace/open/src/hotspot/share/memory/arena.cpp:197), pid=3852, tid=3984
#
# JRE version: Java(TM) SE Runtime Environment (12.0.2+10) (build 12.0.2+10)
# Java VM: Java HotSpot(TM) 64-Bit Server VM (12.0.2+10, mixed mode, sharing, tiered, compressed oops, serial gc, windows-amd64)
# No core dump will be written. Minidumps are not enabled by default on client versions of Windows
#

---------------  S U M M A R Y ------------

Command Line: --module-path=C:\Users\Administrator\Documents\javafx-sdk-11.0.2/lib --add-modules=javafx.controls,javafx.fxml -Dfile.encoding=UTF-8 application.Main

Host: Intel(R) Core(TM) i5-5250U CPU @ 1.60GHz, 2 cores, 1G,  Windows 10 , 64 bit Build 17134 (10.0.17134.753)
Time: Mon Sep 30 12:21:13 2019 W. Europe Daylight Time elapsed time: 2 seconds (0d 0h 0m 2s)

---------------  T H R E A D  ---------------

Current thread (0x0000014a7f937800):  JavaThread "C2 CompilerThread0" daemon [_thread_in_native, id=3984, stack(0x000000367e600000,0x000000367e700000)]


Current CompileTask:
C2:   2114  308       4       java.util.stream.ReferencePipeline$3$1::accept (23 bytes)

Stack: [0x000000367e600000,0x000000367e700000]
Native frames: (J=compiled Java code, j=interpreted, Vv=VM code, C=native code)
V  [jvm.dll+0x63aa2a]
V  [jvm.dll+0x78ce1e]
V  [jvm.dll+0x78e4c1]
V  [jvm.dll+0x78eb13]
V  [jvm.dll+0x2627e8]
V  [jvm.dll+0xc55cc]
V  [jvm.dll+0xc5b4c]
V  [jvm.dll+0x2d4034]
V  [jvm.dll+0x5569ad]
V  [jvm.dll+0x21d9cc]
V  [jvm.dll+0x21b2b6]
V  [jvm.dll+0x199a20]
V  [jvm.dll+0x22a744]
V  [jvm.dll+0x228d98]
V  [jvm.dll+0x7512a0]
V  [jvm.dll+0x74a2c8]
V  [jvm.dll+0x639b16]
C  [ucrtbase.dll+0x1e3fe]
C  [KERNEL32.DLL+0x14034]
C  [ntdll.dll+0x73691]


---------------  P R O C E S S  ---------------

Threads class SMR info:
_java_thread_list=0x0000014a19cc0c40, length=10, elements={
0x0000014a7f864000, 0x0000014a7f919000, 0x0000014a7f91b800, 0x0000014a7f92f800,
0x0000014a7f932800, 0x0000014a7f937800, 0x0000014a7f939800, 0x0000014a193b7800,
0x0000014a194bc800, 0x0000014a19cd2800
}

Java Threads: ( => current thread )
  0x0000014a7f864000 JavaThread "main" [_thread_in_vm, id=6724, stack(0x000000367e000000,0x000000367e100000)]
  0x0000014a7f919000 JavaThread "Reference Handler" daemon [_thread_blocked, id=4548, stack(0x000000367e200000,0x000000367e300000)]
  0x0000014a7f91b800 JavaThread "Finalizer" daemon [_thread_blocked, id=6156, stack(0x000000367e300000,0x000000367e400000)]
  0x0000014a7f92f800 JavaThread "Signal Dispatcher" daemon [_thread_blocked, id=1848, stack(0x000000367e400000,0x000000367e500000)]
  0x0000014a7f932800 JavaThread "Attach Listener" daemon [_thread_blocked, id=4592, stack(0x000000367e500000,0x000000367e600000)]
=>0x0000014a7f937800 JavaThread "C2 CompilerThread0" daemon [_thread_in_native, id=3984, stack(0x000000367e600000,0x000000367e700000)]
  0x0000014a7f939800 JavaThread "C1 CompilerThread0" daemon [_thread_blocked, id=6600, stack(0x000000367e700000,0x000000367e800000)]
  0x0000014a193b7800 JavaThread "Sweeper thread" daemon [_thread_blocked, id=6484, stack(0x000000367e800000,0x000000367e900000)]
  0x0000014a194bc800 JavaThread "Common-Cleaner" daemon [_thread_blocked, id=6952, stack(0x000000367e900000,0x000000367ea00000)]
  0x0000014a19cd2800 JavaThread "Service Thread" daemon [_thread_blocked, id=5348, stack(0x000000367ea00000,0x000000367eb00000)]

Other Threads:
  0x0000014a7f914800 VMThread "VM Thread" [stack: 0x000000367e100000,0x000000367e200000] [id=2924]
  0x0000014a19cd6800 WatcherThread [stack: 0x000000367eb00000,0x000000367ec00000] [id=6700]

Threads with active compile tasks:
C2 CompilerThread0   308       4       java.util.stream.ReferencePipeline$3$1::accept (23 bytes)

VM state:not at safepoint (normal execution)

VM Mutex/Monitor currently owned by a thread: None

Heap address: 0x00000000e4800000, size: 440 MB, Compressed Oops mode: 32-bit
Narrow klass base: 0x0000000800000000, Narrow klass shift: 3
Compressed class space size: 1073741824 Address: 0x0000000801190000

Heap:
 def new generation   total 8640K, used 7234K [0x00000000e4800000, 0x00000000e5150000, 0x00000000edaa0000)
  eden space 7744K,  93% used [0x00000000e4800000, 0x00000000e4f10a78, 0x00000000e4f90000)
  from space 896K,   0% used [0x00000000e4f90000, 0x00000000e4f90000, 0x00000000e5070000)
  to   space 896K,   0% used [0x00000000e5070000, 0x00000000e5070000, 0x00000000e5150000)
 tenured generation   total 19136K, used 0K [0x00000000edaa0000, 0x00000000eed50000, 0x0000000100000000)
   the space 19136K,   0% used [0x00000000edaa0000, 0x00000000edaa0000, 0x00000000edaa0200, 0x00000000eed50000)
 Metaspace       used 1018K, capacity 4699K, committed 4864K, reserved 1056768K
  class space    used 106K, capacity 436K, committed 512K, reserved 1048576K

Card table byte_map: [0x0000014a18950000,0x0000014a18a30000] _byte_map_base: 0x0000014a1822c000

Polling page: 0x0000014a01410000

Metaspace:

Usage:
  Non-class:      4.16 MB capacity,   912.45 KB ( 21%) used,     3.27 MB ( 78%) free+waste,     6.19 KB ( <1%) overhead. 
      Class:    436.00 KB capacity,   106.28 KB ( 24%) used,   326.47 KB ( 75%) free+waste,     3.25 KB ( <1%) overhead. 
       Both:      4.59 MB capacity,  1018.73 KB ( 22%) used,     3.58 MB ( 78%) free+waste,     9.44 KB ( <1%) overhead. 

Virtual space:
  Non-class space:        8.00 MB reserved,       4.25 MB ( 53%) committed 
      Class space:        1.00 GB reserved,     512.00 KB ( <1%) committed 
             Both:        1.01 GB reserved,       4.75 MB ( <1%) committed 

Chunk freelists:
   Non-Class:  3.13 KB
       Class:  0 bytes
        Both:  3.13 KB

CodeHeap 'non-profiled nmethods': size=120064Kb used=112Kb max_used=112Kb free=119951Kb
 bounds [0x0000014a11220000, 0x0000014a11490000, 0x0000014a18760000]
CodeHeap 'profiled nmethods': size=120000Kb used=563Kb max_used=563Kb free=119436Kb
 bounds [0x0000014a09cf0000, 0x0000014a09f60000, 0x0000014a11220000]
CodeHeap 'non-nmethods': size=5696Kb used=1071Kb max_used=1072Kb free=4624Kb
 bounds [0x0000014a09760000, 0x0000014a099d0000, 0x0000014a09cf0000]
 total_blobs=862 nmethods=400 adapters=267
 compilation: enabled
              stopped_count=0, restarted_count=0
 full_count=0

Compilation events (10 events):
Event: 2.088 Thread 0x0000014a7f939800  333       3       java.util.stream.AbstractPipeline::<init> (91 bytes)
Event: 2.089 Thread 0x0000014a7f939800 nmethod 333 0x0000014a09d6a290 code [0x0000014a09d6a4a0, 0x0000014a09d6aa80]
Event: 2.089 Thread 0x0000014a7f939800  335       3       java.util.HashMap::get (23 bytes)
Event: 2.089 Thread 0x0000014a7f939800 nmethod 335 0x0000014a09d6ac90 code [0x0000014a09d6ae80, 0x0000014a09d6b240]
Event: 2.089 Thread 0x0000014a7f939800  334       3       java.util.stream.Sink$ChainedReference::end (10 bytes)
Event: 2.089 Thread 0x0000014a7f939800 nmethod 334 0x0000014a09d6b390 code [0x0000014a09d6b560, 0x0000014a09d6b7b0]
Event: 2.089 Thread 0x0000014a7f939800  336       1       java.lang.module.ModuleDescriptor$Requires::name (5 bytes)
Event: 2.089 Thread 0x0000014a7f939800 nmethod 336 0x0000014a11236690 code [0x0000014a11236840, 0x0000014a11236978]
Event: 2.089 Thread 0x0000014a7f939800  337       1       java.lang.invoke.MethodTypeForm::basicType (5 bytes)
Event: 2.089 Thread 0x0000014a7f939800 nmethod 337 0x0000014a11236a10 code [0x0000014a11236bc0, 0x0000014a11236cf8]

GC Heap History (0 events):
No events

Deoptimization events (1 events):
Event: 1.903 Thread 0x0000014a7f864000 Uncommon trap: reason=unstable_if action=reinterpret pc=0x0000014a1122ed30 method=java.lang.CharacterDataLatin1.isJavaIdentifierPart(I)Z @ 11 c2

Classes redefined (0 events):
No events

Internal exceptions (3 events):
Event: 1.545 Thread 0x0000014a7f864000 Exception <a 'sun/nio/fs/WindowsException'{0x00000000e48f7be0}> (0x00000000e48f7be0) thrown at [t:/workspace/open/src/hotspot/share/prims/jni.cpp, line 615]
Event: 1.554 Thread 0x0000014a7f864000 Exception <a 'sun/nio/fs/WindowsException'{0x00000000e48f80c8}> (0x00000000e48f80c8) thrown at [t:/workspace/open/src/hotspot/share/prims/jni.cpp, line 615]
Event: 1.650 Thread 0x0000014a7f864000 Exception <a 'java/lang/NoSuchMethodError'{0x00000000e49187a8}: java.lang.invoke.DirectMethodHandle$Holder.invokeSpecialIFC(Ljava/lang/Object;Ljava/lang/Object;I)I> (0x00000000e49187a8) thrown at [t:/workspace/open/src/hotspot/share/interpreter/linkResolv

Events (10 events):
Event: 1.875 loading class java/util/WeakHashMap$HashIterator
Event: 1.877 loading class java/util/WeakHashMap$HashIterator done
Event: 1.877 loading class java/util/WeakHashMap$KeyIterator done
Event: 1.903 Thread 0x0000014a7f864000 Uncommon trap: trap_request=0xffffff4d fr.pc=0x0000014a1122ed30 relative=0x0000000000000090
Event: 1.903 Thread 0x0000014a7f864000 DEOPT PACKING pc=0x0000014a1122ed30 sp=0x000000367e0fdd20
Event: 1.903 Thread 0x0000014a7f864000 DEOPT UNPACKING pc=0x0000014a09788eaf sp=0x000000367e0fdc98 mode 2
Event: 1.919 Thread 0x0000014a7f864000 DEOPT PACKING pc=0x0000014a09d52530 sp=0x000000367e0fde70
Event: 1.919 Thread 0x0000014a7f864000 DEOPT UNPACKING pc=0x0000014a09788cce sp=0x000000367e0fd2c0 mode 0
Event: 1.920 Thread 0x0000014a7f864000 DEOPT PACKING pc=0x0000014a09d3b070 sp=0x000000367e0fde20
Event: 1.920 Thread 0x0000014a7f864000 DEOPT UNPACKING pc=0x0000014a09788cce sp=0x000000367e0fd2a8 mode 0


Dynamic libraries:
0x00007ff6b41c0000 - 0x00007ff6b41cf000 	C:\Program Files\Java\jdk-12.0.2\bin\javaw.exe
0x00007ffa02fe0000 - 0x00007ffa031c1000 	C:\Windows\SYSTEM32\ntdll.dll
0x00007ffa02c80000 - 0x00007ffa02d31000 	C:\Windows\System32\KERNEL32.DLL
0x00007ff9ffcb0000 - 0x00007ff9fff23000 	C:\Windows\System32\KERNELBASE.dll
0x00007ffa00360000 - 0x00007ffa00458000 	C:\Windows\System32\ucrtbase.dll
0x00007ff9e3250000 - 0x00007ff9e3268000 	C:\Program Files\Java\jdk-12.0.2\bin\jli.dll
0x00007ffa02770000 - 0x00007ffa02811000 	C:\Windows\System32\ADVAPI32.dll
0x00007ffa02e10000 - 0x00007ffa02eae000 	C:\Windows\System32\msvcrt.dll
0x00007ffa02f50000 - 0x00007ffa02fab000 	C:\Windows\System32\sechost.dll
0x00007ffa00570000 - 0x00007ffa00694000 	C:\Windows\System32\RPCRT4.dll
0x00007ffa006a0000 - 0x00007ffa00830000 	C:\Windows\System32\USER32.dll
0x00007ffa00340000 - 0x00007ffa00360000 	C:\Windows\System32\win32u.dll
0x00007ffa02eb0000 - 0x00007ffa02ed8000 	C:\Windows\System32\GDI32.dll
0x00007ffa001a0000 - 0x00007ffa00331000 	C:\Windows\System32\gdi32full.dll
0x00007ff9ff3a0000 - 0x00007ff9ff43f000 	C:\Windows\System32\msvcp_win.dll
0x00007ff9f8ae0000 - 0x00007ff9f8d49000 	C:\Windows\WinSxS\amd64_microsoft.windows.common-controls_6595b64144ccf1df_6.0.17134.950_none_fb3da4273069d3e0\COMCTL32.dll
0x00007ffa00af0000 - 0x00007ffa00e11000 	C:\Windows\System32\combase.dll
0x00007ffa00120000 - 0x00007ffa00199000 	C:\Windows\System32\bcryptPrimitives.dll
0x00007ff9fbc20000 - 0x00007ff9fbc2a000 	C:\Windows\SYSTEM32\VERSION.dll
0x00007ff9e2910000 - 0x00007ff9e2926000 	C:\Program Files\Java\jdk-12.0.2\bin\VCRUNTIME140.dll
0x00007ffa02730000 - 0x00007ffa0275d000 	C:\Windows\System32\IMM32.DLL
0x00007ff9d9bc0000 - 0x00007ff9d9c6a000 	C:\Program Files\Java\jdk-12.0.2\bin\msvcp140.dll
0x00007ff9d9c70000 - 0x00007ff9da7e7000 	C:\Program Files\Java\jdk-12.0.2\bin\server\jvm.dll
0x00007ffa022d0000 - 0x00007ffa022d8000 	C:\Windows\System32\PSAPI.DLL
0x00007ff9f74d0000 - 0x00007ff9f74d9000 	C:\Windows\SYSTEM32\WSOCK32.dll
0x00007ff9fd620000 - 0x00007ff9fd643000 	C:\Windows\SYSTEM32\WINMM.dll
0x00007ffa02ee0000 - 0x00007ffa02f4c000 	C:\Windows\System32\WS2_32.dll
0x00007ff9fd5a0000 - 0x00007ff9fd5ca000 	C:\Windows\SYSTEM32\winmmbase.dll
0x00007ff9ff440000 - 0x00007ff9ff489000 	C:\Windows\System32\cfgmgr32.dll
0x00007ff9ff360000 - 0x00007ff9ff371000 	C:\Windows\System32\kernel.appcore.dll
0x00007ff9ea580000 - 0x00007ff9ea591000 	C:\Program Files\Java\jdk-12.0.2\bin\verify.dll
0x00007ff9f95c0000 - 0x00007ff9f9789000 	C:\Windows\SYSTEM32\DBGHELP.DLL
0x00007ff9fa0c0000 - 0x00007ff9fa0e9000 	C:\Windows\SYSTEM32\dbgcore.DLL
0x00007ff9e6ce0000 - 0x00007ff9e6d06000 	C:\Program Files\Java\jdk-12.0.2\bin\java.dll
0x00007ff9e8aa0000 - 0x00007ff9e8ab7000 	C:\Program Files\Java\jdk-12.0.2\bin\zip.dll
0x00007ff9f5060000 - 0x00007ff9f506a000 	C:\Program Files\Java\jdk-12.0.2\bin\jimage.dll
0x00007ffa00e20000 - 0x00007ffa02262000 	C:\Windows\System32\SHELL32.dll
0x00007ffa004c0000 - 0x00007ffa00569000 	C:\Windows\System32\shcore.dll
0x00007ff9ff540000 - 0x00007ff9ffc4e000 	C:\Windows\System32\windows.storage.dll
0x00007ffa02460000 - 0x00007ffa024b1000 	C:\Windows\System32\shlwapi.dll
0x00007ff9ff340000 - 0x00007ff9ff35f000 	C:\Windows\System32\profapi.dll
0x00007ff9ff2e0000 - 0x00007ff9ff32c000 	C:\Windows\System32\powrprof.dll
0x00007ff9ff330000 - 0x00007ff9ff33a000 	C:\Windows\System32\FLTLIB.DLL
0x00007ff9e8350000 - 0x00007ff9e8369000 	C:\Program Files\Java\jdk-12.0.2\bin\net.dll
0x00007ff9f8550000 - 0x00007ff9f862d000 	C:\Windows\SYSTEM32\WINHTTP.dll
0x00007ff9f47e0000 - 0x00007ff9f49aa000 	C:\Windows\SYSTEM32\urlmon.dll
0x00007ff9f5720000 - 0x00007ff9f59c7000 	C:\Windows\SYSTEM32\iertutil.dll
0x00007ff9fecd0000 - 0x00007ff9fecdb000 	C:\Windows\SYSTEM32\CRYPTBASE.DLL
0x00007ff9feb00000 - 0x00007ff9feb66000 	C:\Windows\system32\mswsock.dll
0x00007ff9e6cc0000 - 0x00007ff9e6cd3000 	C:\Program Files\Java\jdk-12.0.2\bin\nio.dll

dbghelp: loaded successfully - version: 4.0.5 - missing functions: none
symbol engine: initialized successfully - sym options: 0x614 - pdb path: .;C:\Program Files\Java\jdk-12.0.2\bin;C:\Windows\SYSTEM32;C:\Windows\WinSxS\amd64_microsoft.windows.common-controls_6595b64144ccf1df_6.0.17134.950_none_fb3da4273069d3e0;C:\Program Files\Java\jdk-12.0.2\bin\server

VM Arguments:
jvm_args: --module-path=C:\Users\Administrator\Documents\javafx-sdk-11.0.2/lib --add-modules=javafx.controls,javafx.fxml -Dfile.encoding=UTF-8 
java_command: application.Main
java_class_path (initial): C:\Users\Administrator\eclipse-workspace\ht19-sysb13-databases-programming-assignments-ht19-sysb13-binary-beasts\bin;C:\Users\Administrator\Documents\javafx-sdk-11.0.2\lib\javafx.base.jar;C:\Users\Administrator\Documents\javafx-sdk-11.0.2\lib\javafx.controls.jar;C:\Users\Administrator\Documents\javafx-sdk-11.0.2\lib\javafx.fxml.jar;C:\Users\Administrator\Documents\javafx-sdk-11.0.2\lib\javafx.graphics.jar;C:\Users\Administrator\Documents\javafx-sdk-11.0.2\lib\javafx.media.jar;C:\Users\Administrator\Documents\javafx-sdk-11.0.2\lib\javafx.swing.jar;C:\Users\Administrator\Documents\javafx-sdk-11.0.2\lib\javafx.web.jar;C:\Users\Administrator\Documents\javafx-sdk-11.0.2\lib\javafx-swt.jar;C:\Users\Administrator\Documents\jdbc\sqljdbc_7.4\enu\mssql-jdbc-7.4.1.jre8.jar
Launcher Type: SUN_STANDARD

[Global flags]
     intx CICompilerCount                          = 2                                         {product} {ergonomic}
   size_t InitialHeapSize                          = 29360128                                  {product} {ergonomic}
   size_t MaxHeapSize                              = 461373440                                 {product} {ergonomic}
   size_t MaxNewSize                               = 153747456                                 {product} {ergonomic}
   size_t MinHeapDeltaBytes                        = 196608                                    {product} {ergonomic}
   size_t NewSize                                  = 9764864                                   {product} {ergonomic}
    uintx NonNMethodCodeHeapSize                   = 5825164                                {pd product} {ergonomic}
    uintx NonProfiledCodeHeapSize                  = 122916538                              {pd product} {ergonomic}
   size_t OldSize                                  = 19595264                                  {product} {ergonomic}
    uintx ProfiledCodeHeapSize                     = 122916538                              {pd product} {ergonomic}
    uintx ReservedCodeCacheSize                    = 251658240                              {pd product} {ergonomic}
     bool SegmentedCodeCache                       = true                                      {product} {ergonomic}
     bool UseCompressedClassPointers               = true                                 {lp64_product} {ergonomic}
     bool UseCompressedOops                        = true                                 {lp64_product} {ergonomic}
     bool UseLargePagesIndividualAllocation        = false                                  {pd product} {ergonomic}
     bool UseSerialGC                              = true                                      {product} {ergonomic}

Logging:
Log output configuration:
 #0: stdout all=warning uptime,level,tags
 #1: stderr all=off uptime,level,tags

Environment Variables:
PATH=C:/Program Files/Java/jdk-12.0.2/bin/server;C:/Program Files/Java/jdk-12.0.2/bin;C:\Windows\system32;C:\Windows;C:\Windows\System32\Wbem;C:\Windows\System32\WindowsPowerShell\v1.0\;C:\Windows\System32\OpenSSH\;C:\Program Files\Microsoft SQL Server\Client SDK\ODBC\130\Tools\Binn\;C:\Program Files (x86)\Microsoft SQL Server\140\Tools\Binn\;C:\Program Files\Microsoft SQL Server\140\Tools\Binn\;C:\Program Files\Microsoft SQL Server\140\DTS\Binn\;C:\Program Files (x86)\Microsoft SQL Server\150\DTS\Binn\;C:\Program Files\Git\cmd;C:\Users\Administrator\AppData\Local\Microsoft\WindowsApps;C:\Users\Administrator\AppData\Local\GitHubDesktop\bin;C:\Windows\system32;
USERNAME=Administrator
OS=Windows_NT
PROCESSOR_IDENTIFIER=Intel64 Family 6 Model 61 Stepping 4, GenuineIntel



---------------  S Y S T E M  ---------------

OS: Windows 10 , 64 bit Build 17134 (10.0.17134.753)

CPU:total 2 (initial active 2) (2 cores per cpu, 1 threads per core) family 6 model 61 stepping 4, cmov, cx8, fxsr, mmx, sse, sse2, sse3, ssse3, sse4.1, sse4.2, popcnt, avx, avx2, aes, clmul, 3dnowpref, lzcnt, tsc, tscinvbit

Memory: 4k page, system-wide physical 1752M (205M free)
TotalPageFile size 4219M (AvailPageFile size 2M)
current process WorkingSet (physical memory assigned to process): 42M, peak: 42M
current process commit charge ("private bytes"): 59M, peak: 59M

vm_info: Java HotSpot(TM) 64-Bit Server VM (12.0.2+10) for windows-amd64 JRE (12.0.2+10), built on Jul 16 2019 01:56:17 by "mach5one" with MS VC++ 15.5 (VS2017)

END.
